<?xml version="1.0" encoding="UTF-8"?>
<robot generator="Robot 3.1.2 (Python 3.8.1 on win32)" generated="20200408 10:11:11.648" rpa="false">
<suite id="s1" name="Benu1" source="C:\Users\beszep\django\mysite\robot_libs\benu1.robot">
<test id="s1-t1" name="Főoldal - Belépés Google.com">
<kw name="Open Browser" library="SeleniumLibrary">
<doc>Opens a new browser instance to the optional ``url``.</doc>
<arguments>
<arg>https://www.google.com</arg>
<arg>chrome</arg>
</arguments>
<status status="PASS" starttime="20200408 10:11:12.237" endtime="20200408 10:11:19.050"></status>
</kw>
<kw name="Close Browser" library="SeleniumLibrary">
<doc>Closes the current browser.</doc>
<status status="PASS" starttime="20200408 10:11:19.051" endtime="20200408 10:11:22.437"></status>
</kw>
<doc>Open Google</doc>
<tags>
<tag>Smoke</tag>
</tags>
<status status="PASS" starttime="20200408 10:11:12.233" endtime="20200408 10:11:22.438" critical="yes"></status>
</test>
<status status="PASS" starttime="20200408 10:11:11.651" endtime="20200408 10:11:22.447"></status>
</suite>
<statistics>
<total>
<stat pass="1" fail="0">Critical Tests</stat>
<stat pass="1" fail="0">All Tests</stat>
</total>
<tag>
<stat pass="1" fail="0">Smoke</stat>
</tag>
<suite>
<stat pass="1" fail="0" id="s1" name="Benu1">Benu1</stat>
</suite>
</statistics>
<errors>
</errors>
</robot>
